<?xml version="1.0" encoding="UTF-8"?>
<!-- Generated by org.testng.reporters.JUnitReportReporter -->
<testsuite skipped="0" hostname="aniketpa-w8" name="com.mecury.Pages.MainPage" tests="1" failures="0" timestamp="28 Feb 2018 06:55:40 GMT" time="0.000" errors="0">
  <testcase name="contact_fun" time="0.000" classname="com.mecury.Pages.MainPage"/>
</testsuite> <!-- com.mecury.Pages.MainPage -->
